  TEST-2-20.cpp
d:\visual studio 2017\projects\test-2-20\test-2-20\test-2-20.cpp(89): error C2061: 语法错误: 标识符“Stats”
d:\visual studio 2017\projects\test-2-20\test-2-20\test-2-20.cpp(90): error C2061: 语法错误: 标识符“Stats”
d:\visual studio 2017\projects\test-2-20\test-2-20\test-2-20.cpp(101): error C2061: 语法错误: 标识符“Stats”
d:\visual studio 2017\projects\test-2-20\test-2-20\test-2-20.cpp(114): error C2065: “stats”: 未声明的标识符
d:\visual studio 2017\projects\test-2-20\test-2-20\test-2-20.cpp(114): error C2228: “.keypoints”的左边必须有类/结构/联合
  d:\visual studio 2017\projects\test-2-20\test-2-20\test-2-20.cpp(114): note: 类型是“unknown-type”
d:\visual studio 2017\projects\test-2-20\test-2-20\test-2-20.cpp(115): error C3861: “drawBoundingBox”: 找不到标识符
d:\visual studio 2017\projects\test-2-20\test-2-20\test-2-20.cpp(120): error C2061: 语法错误: 标识符“Stats”
d:\visual studio 2017\projects\test-2-20\test-2-20\test-2-20.cpp(127): error C2065: “stats”: 未声明的标识符
d:\visual studio 2017\projects\test-2-20\test-2-20\test-2-20.cpp(127): error C2228: “.keypoints”的左边必须有类/结构/联合
  d:\visual studio 2017\projects\test-2-20\test-2-20\test-2-20.cpp(127): note: 类型是“unknown-type”
d:\visual studio 2017\projects\test-2-20\test-2-20\test-2-20.cpp(137): error C2065: “stats”: 未声明的标识符
d:\visual studio 2017\projects\test-2-20\test-2-20\test-2-20.cpp(137): error C2228: “.matches”的左边必须有类/结构/联合
  d:\visual studio 2017\projects\test-2-20\test-2-20\test-2-20.cpp(137): note: 类型是“unknown-type”
d:\visual studio 2017\projects\test-2-20\test-2-20\test-2-20.cpp(142): error C3861: “Points”: 找不到标识符
d:\visual studio 2017\projects\test-2-20\test-2-20\test-2-20.cpp(146): error C2065: “stats”: 未声明的标识符
d:\visual studio 2017\projects\test-2-20\test-2-20\test-2-20.cpp(146): error C2228: “.fps”的左边必须有类/结构/联合
  d:\visual studio 2017\projects\test-2-20\test-2-20\test-2-20.cpp(146): note: 类型是“unknown-type”
d:\visual studio 2017\projects\test-2-20\test-2-20\test-2-20.cpp(150): error C2065: “stats”: 未声明的标识符
d:\visual studio 2017\projects\test-2-20\test-2-20\test-2-20.cpp(150): error C2228: “.inliers”的左边必须有类/结构/联合
  d:\visual studio 2017\projects\test-2-20\test-2-20\test-2-20.cpp(150): note: 类型是“unknown-type”
d:\visual studio 2017\projects\test-2-20\test-2-20\test-2-20.cpp(151): error C2065: “stats”: 未声明的标识符
d:\visual studio 2017\projects\test-2-20\test-2-20\test-2-20.cpp(151): error C2228: “.ratio”的左边必须有类/结构/联合
  d:\visual studio 2017\projects\test-2-20\test-2-20\test-2-20.cpp(151): note: 类型是“unknown-type”
d:\visual studio 2017\projects\test-2-20\test-2-20\test-2-20.cpp(162): error C2065: “stats”: 未声明的标识符
d:\visual studio 2017\projects\test-2-20\test-2-20\test-2-20.cpp(162): error C2228: “.inliers”的左边必须有类/结构/联合
  d:\visual studio 2017\projects\test-2-20\test-2-20\test-2-20.cpp(162): note: 类型是“unknown-type”
d:\visual studio 2017\projects\test-2-20\test-2-20\test-2-20.cpp(163): error C2065: “stats”: 未声明的标识符
d:\visual studio 2017\projects\test-2-20\test-2-20\test-2-20.cpp(163): error C2228: “.ratio”的左边必须有类/结构/联合
  d:\visual studio 2017\projects\test-2-20\test-2-20\test-2-20.cpp(163): note: 类型是“unknown-type”
d:\visual studio 2017\projects\test-2-20\test-2-20\test-2-20.cpp(163): error C2228: “.inliers”的左边必须有类/结构/联合
  d:\visual studio 2017\projects\test-2-20\test-2-20\test-2-20.cpp(163): note: 类型是“unknown-type”
d:\visual studio 2017\projects\test-2-20\test-2-20\test-2-20.cpp(163): error C2228: “.matches”的左边必须有类/结构/联合
  d:\visual studio 2017\projects\test-2-20\test-2-20\test-2-20.cpp(163): note: 类型是“unknown-type”
d:\visual studio 2017\projects\test-2-20\test-2-20\test-2-20.cpp(167): error C2065: “stats”: 未声明的标识符
d:\visual studio 2017\projects\test-2-20\test-2-20\test-2-20.cpp(167): error C2228: “.inliers”的左边必须有类/结构/联合
  d:\visual studio 2017\projects\test-2-20\test-2-20\test-2-20.cpp(167): note: 类型是“unknown-type”
d:\visual studio 2017\projects\test-2-20\test-2-20\test-2-20.cpp(168): error C3861: “drawBoundingBox”: 找不到标识符
d:\visual studio 2017\projects\test-2-20\test-2-20\test-2-20.cpp(197): error C2065: “Stats”: 未声明的标识符
d:\visual studio 2017\projects\test-2-20\test-2-20\test-2-20.cpp(197): error C2146: 语法错误: 缺少“;”(在标识符“stats”的前面)
d:\visual studio 2017\projects\test-2-20\test-2-20\test-2-20.cpp(197): error C2065: “stats”: 未声明的标识符
d:\visual studio 2017\projects\test-2-20\test-2-20\test-2-20.cpp(197): error C2065: “akaze_stats”: 未声明的标识符
d:\visual studio 2017\projects\test-2-20\test-2-20\test-2-20.cpp(197): error C2065: “orb_stats”: 未声明的标识符
d:\visual studio 2017\projects\test-2-20\test-2-20\test-2-20.cpp(219): error C2065: “stats”: 未声明的标识符
d:\visual studio 2017\projects\test-2-20\test-2-20\test-2-20.cpp(220): error C2065: “stats”: 未声明的标识符
d:\visual studio 2017\projects\test-2-20\test-2-20\test-2-20.cpp(221): error C2065: “Stats”: 未声明的标识符
d:\visual studio 2017\projects\test-2-20\test-2-20\test-2-20.cpp(221): error C2146: 语法错误: 缺少“;”(在标识符“akaze_draw_stats”的前面)
d:\visual studio 2017\projects\test-2-20\test-2-20\test-2-20.cpp(221): error C2065: “akaze_draw_stats”: 未声明的标识符
d:\visual studio 2017\projects\test-2-20\test-2-20\test-2-20.cpp(221): error C2065: “orb_draw_stats”: 未声明的标识符
d:\visual studio 2017\projects\test-2-20\test-2-20\test-2-20.cpp(230): error C2065: “stats”: 未声明的标识符
d:\visual studio 2017\projects\test-2-20\test-2-20\test-2-20.cpp(231): error C2065: “akaze_stats”: 未声明的标识符
d:\visual studio 2017\projects\test-2-20\test-2-20\test-2-20.cpp(231): error C2065: “stats”: 未声明的标识符
d:\visual studio 2017\projects\test-2-20\test-2-20\test-2-20.cpp(233): error C2065: “akaze_draw_stats”: 未声明的标识符
d:\visual studio 2017\projects\test-2-20\test-2-20\test-2-20.cpp(233): error C2065: “stats”: 未声明的标识符
d:\visual studio 2017\projects\test-2-20\test-2-20\test-2-20.cpp(235): error C2065: “stats”: 未声明的标识符
d:\visual studio 2017\projects\test-2-20\test-2-20\test-2-20.cpp(235): error C2228: “.keypoints”的左边必须有类/结构/联合
  d:\visual studio 2017\projects\test-2-20\test-2-20\test-2-20.cpp(235): note: 类型是“unknown-type”
d:\visual studio 2017\projects\test-2-20\test-2-20\test-2-20.cpp(236): error C2065: “stats”: 未声明的标识符
d:\visual studio 2017\projects\test-2-20\test-2-20\test-2-20.cpp(237): error C2065: “orb_stats”: 未声明的标识符
d:\visual studio 2017\projects\test-2-20\test-2-20\test-2-20.cpp(237): error C2065: “stats”: 未声明的标识符
d:\visual studio 2017\projects\test-2-20\test-2-20\test-2-20.cpp(239): error C2065: “orb_draw_stats”: 未声明的标识符
d:\visual studio 2017\projects\test-2-20\test-2-20\test-2-20.cpp(239): error C2065: “stats”: 未声明的标识符
d:\visual studio 2017\projects\test-2-20\test-2-20\test-2-20.cpp(241): error C2065: “akaze_draw_stats”: 未声明的标识符
d:\visual studio 2017\projects\test-2-20\test-2-20\test-2-20.cpp(241): error C3861: “drawStatistics”: 找不到标识符
d:\visual studio 2017\projects\test-2-20\test-2-20\test-2-20.cpp(242): error C2065: “orb_draw_stats”: 未声明的标识符
d:\visual studio 2017\projects\test-2-20\test-2-20\test-2-20.cpp(242): error C3861: “drawStatistics”: 找不到标识符
d:\visual studio 2017\projects\test-2-20\test-2-20\test-2-20.cpp(247): error C2065: “akaze_stats”: 未声明的标识符
d:\visual studio 2017\projects\test-2-20\test-2-20\test-2-20.cpp(248): error C2065: “orb_stats”: 未声明的标识符
d:\visual studio 2017\projects\test-2-20\test-2-20\test-2-20.cpp(249): error C2065: “akaze_stats”: 未声明的标识符
d:\visual studio 2017\projects\test-2-20\test-2-20\test-2-20.cpp(249): error C3861: “printStatistics”: 找不到标识符
d:\visual studio 2017\projects\test-2-20\test-2-20\test-2-20.cpp(250): error C2065: “orb_stats”: 未声明的标识符
d:\visual studio 2017\projects\test-2-20\test-2-20\test-2-20.cpp(250): error C3861: “printStatistics”: 找不到标识符
